{"contracts/Concave.sol":{"l":{"45":159,"46":159,"47":159,"69":1665,"70":1665,"71":1664,"72":1663,"73":1662,"74":1661,"75":1661,"77":1657,"78":16498,"81":1657,"104":326,"105":326,"106":326,"107":326,"110":326,"111":2822,"112":2822,"113":2822,"114":2822,"115":2822,"116":2822,"119":326,"126":10,"130":0,"134":102,"136":102,"137":102,"138":440334,"140":440334,"141":2832,"142":2832,"146":102,"147":102,"148":437502,"149":437502,"152":102,"156":3,"158":2,"159":1,"162":1,"170":23,"173":3,"176":3,"179":2,"180":2,"181":2,"182":2,"183":2,"184":2,"185":2,"186":2,"187":2,"188":2,"189":2,"190":2,"191":2,"192":2,"193":2,"194":2,"195":2,"196":2,"197":2,"198":2,"199":2,"202":5,"205":5,"208":5,"211":5,"214":7,"231":19320,"232":19320,"233":19320,"237":2001,"241":1664},"path":"/Users/juanbernardotobar/dev/convexdao/Concave-NFT-SC/contracts/Concave.sol","s":{"1":159,"2":159,"3":159,"4":1665,"5":1665,"6":1664,"7":1663,"8":1662,"9":1661,"10":1661,"11":1657,"12":16498,"13":1657,"14":326,"15":326,"16":326,"17":326,"18":326,"19":2822,"20":2822,"21":2822,"22":2822,"23":2822,"24":2822,"25":326,"26":10,"27":0,"28":102,"29":102,"30":102,"31":440334,"32":440334,"33":2832,"34":2832,"35":102,"36":102,"37":437502,"38":437502,"39":102,"40":3,"41":2,"42":1,"43":1,"44":23,"45":3,"46":3,"47":2,"48":2,"49":2,"50":2,"51":2,"52":2,"53":2,"54":2,"55":2,"56":2,"57":2,"58":2,"59":2,"60":2,"61":2,"62":2,"63":2,"64":2,"65":2,"66":2,"67":2,"68":5,"69":5,"70":5,"71":5,"72":7,"73":19320,"74":19320,"75":19320,"76":2001,"77":1664},"b":{"1":[1664,1],"2":[1663,1],"3":[1662,1],"4":[1661,1],"5":[1661,0],"6":[1657,4],"7":[326,0],"8":[326,0],"9":[326,0],"10":[2822,0],"11":[2822,0],"12":[2832,437502],"13":[2,1],"14":[1,1]},"f":{"1":159,"2":1665,"3":326,"4":10,"5":0,"6":102,"7":3,"8":23,"9":3,"10":3,"11":2,"12":5,"13":5,"14":5,"15":5,"16":7,"17":19320,"18":2001,"19":1664},"fnMap":{"1":{"name":"constructor","line":44,"loc":{"start":{"line":39,"column":4},"end":{"line":49,"column":4}}},"2":{"name":"mint","line":67,"loc":{"start":{"line":67,"column":4},"end":{"line":82,"column":4}}},"3":{"name":"mintBatch","line":103,"loc":{"start":{"line":103,"column":4},"end":{"line":120,"column":4}}},"4":{"name":"isPublicMintActive","line":125,"loc":{"start":{"line":125,"column":4},"end":{"line":127,"column":4}}},"5":{"name":"isSoldOut","line":129,"loc":{"start":{"line":129,"column":4},"end":{"line":131,"column":4}}},"6":{"name":"getUnmintedSpoonsByUser","line":133,"loc":{"start":{"line":133,"column":4},"end":{"line":153,"column":4}}},"7":{"name":"tokenURI","line":155,"loc":{"start":{"line":155,"column":4},"end":{"line":163,"column":4}}},"8":{"name":"unpause","line":169,"loc":{"start":{"line":169,"column":4},"end":{"line":171,"column":4}}},"9":{"name":"pause","line":172,"loc":{"start":{"line":172,"column":4},"end":{"line":174,"column":4}}},"10":{"name":"reveal","line":175,"loc":{"start":{"line":175,"column":4},"end":{"line":177,"column":4}}},"11":{"name":"withdraw","line":178,"loc":{"start":{"line":178,"column":4},"end":{"line":200,"column":4}}},"12":{"name":"setNotRevealedURI","line":201,"loc":{"start":{"line":201,"column":4},"end":{"line":203,"column":4}}},"13":{"name":"setBaseURI","line":204,"loc":{"start":{"line":204,"column":4},"end":{"line":206,"column":4}}},"14":{"name":"setMaxMintAmount","line":207,"loc":{"start":{"line":207,"column":4},"end":{"line":209,"column":4}}},"15":{"name":"setPrice","line":210,"loc":{"start":{"line":210,"column":4},"end":{"line":212,"column":4}}},"16":{"name":"setPublicMintActive","line":213,"loc":{"start":{"line":213,"column":4},"end":{"line":215,"column":4}}},"17":{"name":"_mintOnce","line":230,"loc":{"start":{"line":230,"column":4},"end":{"line":234,"column":4}}},"18":{"name":"_isPublicMintActiveInternal","line":236,"loc":{"start":{"line":236,"column":4},"end":{"line":238,"column":4}}},"19":{"name":"_isSoldOut","line":240,"loc":{"start":{"line":240,"column":4},"end":{"line":242,"column":4}}}},"statementMap":{"1":{"start":{"line":45,"column":8},"end":{"line":45,"column":29}},"2":{"start":{"line":46,"column":8},"end":{"line":46,"column":43}},"3":{"start":{"line":47,"column":8},"end":{"line":47,"column":15}},"4":{"start":{"line":69,"column":8},"end":{"line":69,"column":44}},"5":{"start":{"line":70,"column":8},"end":{"line":70,"column":82}},"6":{"start":{"line":71,"column":8},"end":{"line":71,"column":53}},"7":{"start":{"line":72,"column":8},"end":{"line":72,"column":65}},"8":{"start":{"line":73,"column":8},"end":{"line":73,"column":52}},"9":{"start":{"line":74,"column":8},"end":{"line":74,"column":74}},"10":{"start":{"line":75,"column":8},"end":{"line":75,"column":70}},"11":{"start":{"line":77,"column":8},"end":{"line":77,"column":2842}},"12":{"start":{"line":78,"column":12},"end":{"line":78,"column":22}},"13":{"start":{"line":81,"column":8},"end":{"line":81,"column":26}},"14":{"start":{"line":104,"column":8},"end":{"line":104,"column":44}},"15":{"start":{"line":105,"column":8},"end":{"line":105,"column":73}},"16":{"start":{"line":106,"column":8},"end":{"line":106,"column":69}},"17":{"start":{"line":107,"column":8},"end":{"line":107,"column":48}},"18":{"start":{"line":110,"column":8},"end":{"line":110,"column":4033}},"19":{"start":{"line":111,"column":12},"end":{"line":111,"column":41}},"20":{"start":{"line":112,"column":12},"end":{"line":112,"column":69}},"21":{"start":{"line":113,"column":12},"end":{"line":113,"column":66}},"22":{"start":{"line":114,"column":12},"end":{"line":114,"column":69}},"23":{"start":{"line":115,"column":12},"end":{"line":115,"column":37}},"24":{"start":{"line":116,"column":12},"end":{"line":116,"column":22}},"25":{"start":{"line":119,"column":8},"end":{"line":119,"column":30}},"26":{"start":{"line":126,"column":8},"end":{"line":126,"column":57}},"27":{"start":{"line":130,"column":8},"end":{"line":130,"column":40}},"28":{"start":{"line":134,"column":8},"end":{"line":134,"column":55}},"29":{"start":{"line":136,"column":8},"end":{"line":136,"column":22}},"30":{"start":{"line":137,"column":8},"end":{"line":137,"column":4907}},"31":{"start":{"line":138,"column":12},"end":{"line":138,"column":62}},"32":{"start":{"line":140,"column":12},"end":{"line":140,"column":5022}},"33":{"start":{"line":141,"column":16},"end":{"line":141,"column":34}},"34":{"start":{"line":142,"column":16},"end":{"line":142,"column":25}},"35":{"start":{"line":146,"column":8},"end":{"line":146,"column":32}},"36":{"start":{"line":147,"column":8},"end":{"line":147,"column":5194}},"37":{"start":{"line":148,"column":12},"end":{"line":148,"column":33}},"38":{"start":{"line":149,"column":12},"end":{"line":149,"column":21}},"39":{"start":{"line":152,"column":8},"end":{"line":152,"column":23}},"40":{"start":{"line":156,"column":8},"end":{"line":156,"column":83}},"41":{"start":{"line":158,"column":8},"end":{"line":158,"column":5520}},"42":{"start":{"line":159,"column":12},"end":{"line":159,"column":33}},"43":{"start":{"line":162,"column":8},"end":{"line":162,"column":109}},"44":{"start":{"line":170,"column":8},"end":{"line":170,"column":17}},"45":{"start":{"line":173,"column":8},"end":{"line":173,"column":15}},"46":{"start":{"line":176,"column":8},"end":{"line":176,"column":22}},"47":{"start":{"line":179,"column":8},"end":{"line":179,"column":47}},"48":{"start":{"line":180,"column":8},"end":{"line":180,"column":49}},"49":{"start":{"line":181,"column":8},"end":{"line":181,"column":44}},"50":{"start":{"line":182,"column":8},"end":{"line":182,"column":44}},"51":{"start":{"line":183,"column":8},"end":{"line":183,"column":44}},"52":{"start":{"line":184,"column":8},"end":{"line":184,"column":44}},"53":{"start":{"line":185,"column":8},"end":{"line":185,"column":44}},"54":{"start":{"line":186,"column":8},"end":{"line":186,"column":44}},"55":{"start":{"line":187,"column":8},"end":{"line":187,"column":44}},"56":{"start":{"line":188,"column":8},"end":{"line":188,"column":44}},"57":{"start":{"line":189,"column":8},"end":{"line":189,"column":44}},"58":{"start":{"line":190,"column":8},"end":{"line":190,"column":47}},"59":{"start":{"line":191,"column":8},"end":{"line":191,"column":75}},"60":{"start":{"line":192,"column":8},"end":{"line":192,"column":75}},"61":{"start":{"line":193,"column":8},"end":{"line":193,"column":75}},"62":{"start":{"line":194,"column":8},"end":{"line":194,"column":75}},"63":{"start":{"line":195,"column":8},"end":{"line":195,"column":75}},"64":{"start":{"line":196,"column":8},"end":{"line":196,"column":75}},"65":{"start":{"line":197,"column":8},"end":{"line":197,"column":75}},"66":{"start":{"line":198,"column":8},"end":{"line":198,"column":75}},"67":{"start":{"line":199,"column":8},"end":{"line":199,"column":75}},"68":{"start":{"line":202,"column":8},"end":{"line":202,"column":39}},"69":{"start":{"line":205,"column":8},"end":{"line":205,"column":28}},"70":{"start":{"line":208,"column":8},"end":{"line":208,"column":40}},"71":{"start":{"line":211,"column":8},"end":{"line":211,"column":21}},"72":{"start":{"line":214,"column":8},"end":{"line":214,"column":36}},"73":{"start":{"line":231,"column":8},"end":{"line":231,"column":47}},"74":{"start":{"line":232,"column":8},"end":{"line":232,"column":28}},"75":{"start":{"line":233,"column":8},"end":{"line":233,"column":39}},"76":{"start":{"line":237,"column":8},"end":{"line":237,"column":72}},"77":{"start":{"line":241,"column":8},"end":{"line":241,"column":43}}},"branchMap":{"1":{"line":70,"type":"if","locations":[{"start":{"line":70,"column":8},"end":{"line":70,"column":8}},{"start":{"line":70,"column":8},"end":{"line":70,"column":8}}]},"2":{"line":71,"type":"if","locations":[{"start":{"line":71,"column":8},"end":{"line":71,"column":8}},{"start":{"line":71,"column":8},"end":{"line":71,"column":8}}]},"3":{"line":72,"type":"if","locations":[{"start":{"line":72,"column":8},"end":{"line":72,"column":8}},{"start":{"line":72,"column":8},"end":{"line":72,"column":8}}]},"4":{"line":73,"type":"if","locations":[{"start":{"line":73,"column":8},"end":{"line":73,"column":8}},{"start":{"line":73,"column":8},"end":{"line":73,"column":8}}]},"5":{"line":74,"type":"if","locations":[{"start":{"line":74,"column":8},"end":{"line":74,"column":8}},{"start":{"line":74,"column":8},"end":{"line":74,"column":8}}]},"6":{"line":75,"type":"if","locations":[{"start":{"line":75,"column":8},"end":{"line":75,"column":8}},{"start":{"line":75,"column":8},"end":{"line":75,"column":8}}]},"7":{"line":105,"type":"if","locations":[{"start":{"line":105,"column":8},"end":{"line":105,"column":8}},{"start":{"line":105,"column":8},"end":{"line":105,"column":8}}]},"8":{"line":106,"type":"if","locations":[{"start":{"line":106,"column":8},"end":{"line":106,"column":8}},{"start":{"line":106,"column":8},"end":{"line":106,"column":8}}]},"9":{"line":107,"type":"if","locations":[{"start":{"line":107,"column":8},"end":{"line":107,"column":8}},{"start":{"line":107,"column":8},"end":{"line":107,"column":8}}]},"10":{"line":113,"type":"if","locations":[{"start":{"line":113,"column":12},"end":{"line":113,"column":12}},{"start":{"line":113,"column":12},"end":{"line":113,"column":12}}]},"11":{"line":114,"type":"if","locations":[{"start":{"line":114,"column":12},"end":{"line":114,"column":12}},{"start":{"line":114,"column":12},"end":{"line":114,"column":12}}]},"12":{"line":140,"type":"if","locations":[{"start":{"line":140,"column":12},"end":{"line":140,"column":12}},{"start":{"line":140,"column":12},"end":{"line":140,"column":12}}]},"13":{"line":156,"type":"if","locations":[{"start":{"line":156,"column":8},"end":{"line":156,"column":8}},{"start":{"line":156,"column":8},"end":{"line":156,"column":8}}]},"14":{"line":158,"type":"if","locations":[{"start":{"line":158,"column":8},"end":{"line":158,"column":8}},{"start":{"line":158,"column":8},"end":{"line":158,"column":8}}]}}}}