{
"contracts/Concave.sol":{"l":{"45":96,"46":96,"47":96,"72":0,"73":0,"74":0,"75":0,"77":0,"78":0,"80":0,"87":5,"92":0,"94":0,"95":0,"98":0,"106":4,"109":3,"112":2,"115":0,"116":0,"117":0,"118":0,"119":0,"120":0,"121":0,"122":0,"123":0,"124":0,"125":0,"126":0,"127":0,"128":0,"129":0,"130":0,"131":0,"132":0,"133":0,"134":0,"135":0,"138":5,"141":5,"144":5,"147":5,"150":5,"157":5,"199":0,"200":0,"203":0,"204":0,"205":0,"206":0,"207":0,"210":0,"211":0,"212":0,"213":0,"215":0},"path":"/Users/juanbernardotobar/dev/convexdao/Concave-NFT-SC/contracts/Concave.sol","s":{"1":96,"2":96,"3":96,"4":0,"5":0,"6":0,"7":0,"8":0,"9":0,"10":0,"11":5,"12":0,"13":0,"14":0,"15":0,"16":4,"17":3,"18":2,"19":0,"20":0,"21":0,"22":0,"23":0,"24":0,"25":0,"26":0,"27":0,"28":0,"29":0,"30":0,"31":0,"32":0,"33":0,"34":0,"35":0,"36":0,"37":0,"38":0,"39":0,"40":5,"41":5,"42":5,"43":5,"44":5,"45":5,"46":0,"47":0,"48":0,"49":0,"50":0,"51":0,"52":0,"53":0,"54":0,"55":0,"56":0},"b":{"1":[0,0],"2":[0,0],"3":[0,0],"4":[0,0],"5":[0,0],"6":[0,0],"7":[0,0],"8":[0,0],"9":[0,0],"10":[0,0]},"f":{"1":96,"2":0,"3":5,"4":0,"5":4,"6":3,"7":2,"8":0,"9":5,"10":5,"11":5,"12":5,"13":5,"14":5,"15":0},"fnMap":{"1":{"name":"constructor","line":44,"loc":{"start":{"line":39,"column":4},"end":{"line":49,"column":4}}},"2":{"name":"mint","line":71,"loc":{"start":{"line":71,"column":4},"end":{"line":81,"column":4}}},"3":{"name":"isPublicMintActive","line":86,"loc":{"start":{"line":86,"column":4},"end":{"line":88,"column":4}}},"4":{"name":"tokenURI","line":91,"loc":{"start":{"line":91,"column":4},"end":{"line":99,"column":4}}},"5":{"name":"unpause","line":105,"loc":{"start":{"line":105,"column":4},"end":{"line":107,"column":4}}},"6":{"name":"pause","line":108,"loc":{"start":{"line":108,"column":4},"end":{"line":110,"column":4}}},"7":{"name":"reveal","line":111,"loc":{"start":{"line":111,"column":4},"end":{"line":113,"column":4}}},"8":{"name":"withdraw","line":114,"loc":{"start":{"line":114,"column":4},"end":{"line":136,"column":4}}},"9":{"name":"setNotRevealedURI","line":137,"loc":{"start":{"line":137,"column":4},"end":{"line":139,"column":4}}},"10":{"name":"setBaseURI","line":140,"loc":{"start":{"line":140,"column":4},"end":{"line":142,"column":4}}},"11":{"name":"setMaxMintAmount","line":143,"loc":{"start":{"line":143,"column":4},"end":{"line":145,"column":4}}},"12":{"name":"setPrice","line":146,"loc":{"start":{"line":146,"column":4},"end":{"line":148,"column":4}}},"13":{"name":"setPublicMintActive","line":149,"loc":{"start":{"line":149,"column":4},"end":{"line":151,"column":4}}},"14":{"name":"_isPublicMintActiveInternal","line":156,"loc":{"start":{"line":156,"column":4},"end":{"line":158,"column":4}}},"15":{"name":"_mintOnce","line":195,"loc":{"start":{"line":195,"column":4},"end":{"line":216,"column":4}}}},"statementMap":{"1":{"start":{"line":45,"column":8},"end":{"line":45,"column":29}},"2":{"start":{"line":46,"column":8},"end":{"line":46,"column":43}},"3":{"start":{"line":47,"column":8},"end":{"line":47,"column":15}},"4":{"start":{"line":72,"column":8},"end":{"line":72,"column":65}},"5":{"start":{"line":73,"column":8},"end":{"line":73,"column":52}},"6":{"start":{"line":74,"column":8},"end":{"line":74,"column":2629}},"7":{"start":{"line":75,"column":12},"end":{"line":75,"column":74}},"8":{"start":{"line":77,"column":8},"end":{"line":77,"column":2774}},"9":{"start":{"line":78,"column":12},"end":{"line":78,"column":22}},"10":{"start":{"line":80,"column":8},"end":{"line":80,"column":26}},"11":{"start":{"line":87,"column":8},"end":{"line":87,"column":57}},"12":{"start":{"line":92,"column":8},"end":{"line":92,"column":83}},"13":{"start":{"line":94,"column":8},"end":{"line":94,"column":3244}},"14":{"start":{"line":95,"column":12},"end":{"line":95,"column":33}},"15":{"start":{"line":98,"column":8},"end":{"line":98,"column":109}},"16":{"start":{"line":106,"column":8},"end":{"line":106,"column":17}},"17":{"start":{"line":109,"column":8},"end":{"line":109,"column":15}},"18":{"start":{"line":112,"column":8},"end":{"line":112,"column":22}},"19":{"start":{"line":115,"column":8},"end":{"line":115,"column":47}},"20":{"start":{"line":116,"column":8},"end":{"line":116,"column":49}},"21":{"start":{"line":117,"column":8},"end":{"line":117,"column":44}},"22":{"start":{"line":118,"column":8},"end":{"line":118,"column":44}},"23":{"start":{"line":119,"column":8},"end":{"line":119,"column":44}},"24":{"start":{"line":120,"column":8},"end":{"line":120,"column":44}},"25":{"start":{"line":121,"column":8},"end":{"line":121,"column":44}},"26":{"start":{"line":122,"column":8},"end":{"line":122,"column":44}},"27":{"start":{"line":123,"column":8},"end":{"line":123,"column":44}},"28":{"start":{"line":124,"column":8},"end":{"line":124,"column":44}},"29":{"start":{"line":125,"column":8},"end":{"line":125,"column":44}},"30":{"start":{"line":126,"column":8},"end":{"line":126,"column":47}},"31":{"start":{"line":127,"column":8},"end":{"line":127,"column":75}},"32":{"start":{"line":128,"column":8},"end":{"line":128,"column":75}},"33":{"start":{"line":129,"column":8},"end":{"line":129,"column":75}},"34":{"start":{"line":130,"column":8},"end":{"line":130,"column":75}},"35":{"start":{"line":131,"column":8},"end":{"line":131,"column":75}},"36":{"start":{"line":132,"column":8},"end":{"line":132,"column":75}},"37":{"start":{"line":133,"column":8},"end":{"line":133,"column":75}},"38":{"start":{"line":134,"column":8},"end":{"line":134,"column":75}},"39":{"start":{"line":135,"column":8},"end":{"line":135,"column":75}},"40":{"start":{"line":138,"column":8},"end":{"line":138,"column":39}},"41":{"start":{"line":141,"column":8},"end":{"line":141,"column":28}},"42":{"start":{"line":144,"column":8},"end":{"line":144,"column":40}},"43":{"start":{"line":147,"column":8},"end":{"line":147,"column":21}},"44":{"start":{"line":150,"column":8},"end":{"line":150,"column":36}},"45":{"start":{"line":157,"column":8},"end":{"line":157,"column":72}},"46":{"start":{"line":199,"column":8},"end":{"line":199,"column":44}},"47":{"start":{"line":200,"column":8},"end":{"line":200,"column":67}},"48":{"start":{"line":203,"column":8},"end":{"line":203,"column":7487}},"49":{"start":{"line":204,"column":12},"end":{"line":204,"column":78}},"50":{"start":{"line":205,"column":12},"end":{"line":205,"column":57}},"51":{"start":{"line":206,"column":12},"end":{"line":206,"column":46}},"52":{"start":{"line":207,"column":12},"end":{"line":207,"column":78}},"53":{"start":{"line":210,"column":8},"end":{"line":210,"column":47}},"54":{"start":{"line":211,"column":8},"end":{"line":211,"column":28}},"55":{"start":{"line":213,"column":8},"end":{"line":213,"column":39}},"56":{"start":{"line":215,"column":8},"end":{"line":215,"column":16}}},"branchMap":{"1":{"line":72,"type":"if","locations":[{"start":{"line":72,"column":8},"end":{"line":72,"column":8}},{"start":{"line":72,"column":8},"end":{"line":72,"column":8}}]},"2":{"line":73,"type":"if","locations":[{"start":{"line":73,"column":8},"end":{"line":73,"column":8}},{"start":{"line":73,"column":8},"end":{"line":73,"column":8}}]},"3":{"line":74,"type":"if","locations":[{"start":{"line":74,"column":8},"end":{"line":74,"column":8}},{"start":{"line":74,"column":8},"end":{"line":74,"column":8}}]},"4":{"line":75,"type":"if","locations":[{"start":{"line":75,"column":12},"end":{"line":75,"column":12}},{"start":{"line":75,"column":12},"end":{"line":75,"column":12}}]},"5":{"line":92,"type":"if","locations":[{"start":{"line":92,"column":8},"end":{"line":92,"column":8}},{"start":{"line":92,"column":8},"end":{"line":92,"column":8}}]},"6":{"line":94,"type":"if","locations":[{"start":{"line":94,"column":8},"end":{"line":94,"column":8}},{"start":{"line":94,"column":8},"end":{"line":94,"column":8}}]},"7":{"line":200,"type":"if","locations":[{"start":{"line":200,"column":8},"end":{"line":200,"column":8}},{"start":{"line":200,"column":8},"end":{"line":200,"column":8}}]},"8":{"line":203,"type":"if","locations":[{"start":{"line":203,"column":8},"end":{"line":203,"column":8}},{"start":{"line":203,"column":8},"end":{"line":203,"column":8}}]},"9":{"line":205,"type":"if","locations":[{"start":{"line":205,"column":12},"end":{"line":205,"column":12}},{"start":{"line":205,"column":12},"end":{"line":205,"column":12}}]},"10":{"line":207,"type":"if","locations":[{"start":{"line":207,"column":12},"end":{"line":207,"column":12}},{"start":{"line":207,"column":12},"end":{"line":207,"column":12}}]}}}}
