{
"contracts/Concave.sol":{"l":{"45":270,"46":270,"47":270,"64":9,"65":9,"69":7,"70":6,"71":3,"91":2487,"92":2487,"96":2485,"97":2484,"98":2483,"99":2482,"103":2481,"105":2475,"106":24709,"129":222,"130":222,"131":221,"132":220,"135":219,"136":1831,"137":1830,"141":1829,"142":1829,"160":8,"161":8,"162":7,"163":6,"167":5,"168":5,"175":8,"179":12,"192":69,"194":69,"195":69,"196":297873,"198":297873,"199":1831,"200":1831,"204":69,"205":69,"206":296042,"207":296042,"210":69,"220":3,"225":2,"226":1,"229":1,"239":53,"242":3,"245":3,"248":2,"249":2,"250":2,"251":2,"252":2,"253":2,"254":2,"255":2,"256":2,"257":2,"258":2,"259":2,"260":2,"261":2,"262":2,"263":2,"264":2,"265":2,"266":2,"267":2,"268":2,"274":5,"277":5,"280":5,"283":5,"286":23,"300":26546,"301":26546,"302":26546,"310":2734,"314":2504},"path":"/Users/juanbernardotobar/dev/convexdao/Concave-NFT-SC/contracts/Concave.sol","s":{"1":270,"2":270,"3":270,"4":9,"5":9,"6":7,"7":6,"8":3,"9":2487,"10":2487,"11":2485,"12":2484,"13":2483,"14":2482,"15":2481,"16":2475,"17":24709,"18":222,"19":222,"20":221,"21":220,"22":219,"23":1831,"24":1830,"25":1829,"26":1829,"27":8,"28":8,"29":7,"30":6,"31":5,"32":5,"33":8,"34":12,"35":69,"36":69,"37":69,"38":297873,"39":297873,"40":1831,"41":1831,"42":69,"43":69,"44":296042,"45":296042,"46":69,"47":3,"48":2,"49":1,"50":1,"51":53,"52":3,"53":3,"54":2,"55":2,"56":2,"57":2,"58":2,"59":2,"60":2,"61":2,"62":2,"63":2,"64":2,"65":2,"66":2,"67":2,"68":2,"69":2,"70":2,"71":2,"72":2,"73":2,"74":2,"75":5,"76":5,"77":5,"78":5,"79":23,"80":26546,"81":26546,"82":26546,"83":2734,"84":2504},"b":{"1":[7,2],"2":[6,1],"3":[3,3],"4":[2485,2],"5":[2484,1],"6":[2483,1],"7":[2482,1],"8":[2481,1],"9":[2475,6],"10":[221,1],"11":[220,1],"12":[219,1],"13":[1830,1],"14":[1829,1],"15":[7,1],"16":[6,1],"17":[5,1],"18":[1831,296042],"19":[2,1],"20":[1,1]},"f":{"1":270,"2":9,"3":2487,"4":222,"5":8,"6":8,"7":12,"8":69,"9":3,"10":53,"11":3,"12":3,"13":2,"14":5,"15":5,"16":5,"17":5,"18":23,"19":26546,"20":2734,"21":2504},"fnMap":{"1":{"name":"constructor","line":44,"loc":{"start":{"line":39,"column":4},"end":{"line":49,"column":4}}},"2":{"name":"mint","line":62,"loc":{"start":{"line":62,"column":4},"end":{"line":72,"column":4}}},"3":{"name":"mintMany","line":89,"loc":{"start":{"line":89,"column":4},"end":{"line":108,"column":4}}},"4":{"name":"mintColorsBatch","line":128,"loc":{"start":{"line":128,"column":4},"end":{"line":144,"column":4}}},"5":{"name":"mintColorsOnce","line":159,"loc":{"start":{"line":159,"column":4},"end":{"line":169,"column":4}}},"6":{"name":"isPublicMintActive","line":174,"loc":{"start":{"line":174,"column":4},"end":{"line":176,"column":4}}},"7":{"name":"isSoldOut","line":178,"loc":{"start":{"line":178,"column":4},"end":{"line":180,"column":4}}},"8":{"name":"getUnmintedSpoonsByUser","line":186,"loc":{"start":{"line":186,"column":4},"end":{"line":211,"column":4}}},"9":{"name":"tokenURI","line":213,"loc":{"start":{"line":213,"column":4},"end":{"line":232,"column":4}}},"10":{"name":"unpause","line":238,"loc":{"start":{"line":238,"column":4},"end":{"line":240,"column":4}}},"11":{"name":"pause","line":241,"loc":{"start":{"line":241,"column":4},"end":{"line":243,"column":4}}},"12":{"name":"reveal","line":244,"loc":{"start":{"line":244,"column":4},"end":{"line":246,"column":4}}},"13":{"name":"withdraw","line":247,"loc":{"start":{"line":247,"column":4},"end":{"line":269,"column":4}}},"14":{"name":"setNotRevealedURI","line":272,"loc":{"start":{"line":270,"column":4},"end":{"line":275,"column":4}}},"15":{"name":"setBaseURI","line":276,"loc":{"start":{"line":276,"column":4},"end":{"line":278,"column":4}}},"16":{"name":"setMaxMintAmount","line":279,"loc":{"start":{"line":279,"column":4},"end":{"line":281,"column":4}}},"17":{"name":"setPrice","line":282,"loc":{"start":{"line":282,"column":4},"end":{"line":284,"column":4}}},"18":{"name":"setPublicMintActive","line":285,"loc":{"start":{"line":285,"column":4},"end":{"line":287,"column":4}}},"19":{"name":"_mintOnce","line":299,"loc":{"start":{"line":299,"column":4},"end":{"line":303,"column":4}}},"20":{"name":"_isPublicMintActiveInternal","line":305,"loc":{"start":{"line":305,"column":4},"end":{"line":311,"column":4}}},"21":{"name":"_isSoldOut","line":313,"loc":{"start":{"line":313,"column":4},"end":{"line":315,"column":4}}}},"statementMap":{"1":{"start":{"line":45,"column":8},"end":{"line":45,"column":29}},"2":{"start":{"line":46,"column":8},"end":{"line":46,"column":43}},"3":{"start":{"line":47,"column":8},"end":{"line":47,"column":15}},"4":{"start":{"line":64,"column":8},"end":{"line":64,"column":44}},"5":{"start":{"line":65,"column":8},"end":{"line":65,"column":2063}},"6":{"start":{"line":69,"column":8},"end":{"line":69,"column":53}},"7":{"start":{"line":70,"column":8},"end":{"line":70,"column":56}},"8":{"start":{"line":71,"column":8},"end":{"line":71,"column":18}},"9":{"start":{"line":91,"column":8},"end":{"line":91,"column":44}},"10":{"start":{"line":92,"column":8},"end":{"line":92,"column":3022}},"11":{"start":{"line":96,"column":8},"end":{"line":96,"column":53}},"12":{"start":{"line":97,"column":8},"end":{"line":97,"column":65}},"13":{"start":{"line":98,"column":8},"end":{"line":98,"column":52}},"14":{"start":{"line":99,"column":8},"end":{"line":99,"column":3321}},"15":{"start":{"line":103,"column":8},"end":{"line":103,"column":70}},"16":{"start":{"line":105,"column":8},"end":{"line":105,"column":3506}},"17":{"start":{"line":106,"column":12},"end":{"line":106,"column":22}},"18":{"start":{"line":129,"column":8},"end":{"line":129,"column":44}},"19":{"start":{"line":130,"column":8},"end":{"line":130,"column":73}},"20":{"start":{"line":131,"column":8},"end":{"line":131,"column":69}},"21":{"start":{"line":132,"column":8},"end":{"line":132,"column":56}},"22":{"start":{"line":135,"column":8},"end":{"line":135,"column":4563}},"23":{"start":{"line":136,"column":12},"end":{"line":136,"column":70}},"24":{"start":{"line":137,"column":12},"end":{"line":137,"column":4700}},"25":{"start":{"line":141,"column":12},"end":{"line":141,"column":41}},"26":{"start":{"line":142,"column":12},"end":{"line":142,"column":22}},"27":{"start":{"line":160,"column":8},"end":{"line":160,"column":44}},"28":{"start":{"line":161,"column":8},"end":{"line":161,"column":73}},"29":{"start":{"line":162,"column":8},"end":{"line":162,"column":62}},"30":{"start":{"line":163,"column":8},"end":{"line":163,"column":5601}},"31":{"start":{"line":167,"column":8},"end":{"line":167,"column":33}},"32":{"start":{"line":168,"column":8},"end":{"line":168,"column":18}},"33":{"start":{"line":175,"column":8},"end":{"line":175,"column":57}},"34":{"start":{"line":179,"column":8},"end":{"line":179,"column":40}},"35":{"start":{"line":192,"column":8},"end":{"line":192,"column":55}},"36":{"start":{"line":194,"column":8},"end":{"line":194,"column":22}},"37":{"start":{"line":195,"column":8},"end":{"line":195,"column":6429}},"38":{"start":{"line":196,"column":12},"end":{"line":196,"column":62}},"39":{"start":{"line":198,"column":12},"end":{"line":198,"column":6544}},"40":{"start":{"line":199,"column":16},"end":{"line":199,"column":34}},"41":{"start":{"line":200,"column":16},"end":{"line":200,"column":25}},"42":{"start":{"line":204,"column":8},"end":{"line":204,"column":32}},"43":{"start":{"line":205,"column":8},"end":{"line":205,"column":6716}},"44":{"start":{"line":206,"column":12},"end":{"line":206,"column":33}},"45":{"start":{"line":207,"column":12},"end":{"line":207,"column":21}},"46":{"start":{"line":210,"column":8},"end":{"line":210,"column":23}},"47":{"start":{"line":220,"column":8},"end":{"line":220,"column":6999}},"48":{"start":{"line":225,"column":8},"end":{"line":225,"column":7120}},"49":{"start":{"line":226,"column":12},"end":{"line":226,"column":33}},"50":{"start":{"line":229,"column":8},"end":{"line":229,"column":7199}},"51":{"start":{"line":239,"column":8},"end":{"line":239,"column":17}},"52":{"start":{"line":242,"column":8},"end":{"line":242,"column":15}},"53":{"start":{"line":245,"column":8},"end":{"line":245,"column":22}},"54":{"start":{"line":248,"column":8},"end":{"line":248,"column":47}},"55":{"start":{"line":249,"column":8},"end":{"line":249,"column":49}},"56":{"start":{"line":250,"column":8},"end":{"line":250,"column":44}},"57":{"start":{"line":251,"column":8},"end":{"line":251,"column":44}},"58":{"start":{"line":252,"column":8},"end":{"line":252,"column":44}},"59":{"start":{"line":253,"column":8},"end":{"line":253,"column":44}},"60":{"start":{"line":254,"column":8},"end":{"line":254,"column":44}},"61":{"start":{"line":255,"column":8},"end":{"line":255,"column":44}},"62":{"start":{"line":256,"column":8},"end":{"line":256,"column":44}},"63":{"start":{"line":257,"column":8},"end":{"line":257,"column":44}},"64":{"start":{"line":258,"column":8},"end":{"line":258,"column":44}},"65":{"start":{"line":259,"column":8},"end":{"line":259,"column":47}},"66":{"start":{"line":260,"column":8},"end":{"line":260,"column":75}},"67":{"start":{"line":261,"column":8},"end":{"line":261,"column":75}},"68":{"start":{"line":262,"column":8},"end":{"line":262,"column":75}},"69":{"start":{"line":263,"column":8},"end":{"line":263,"column":75}},"70":{"start":{"line":264,"column":8},"end":{"line":264,"column":75}},"71":{"start":{"line":265,"column":8},"end":{"line":265,"column":75}},"72":{"start":{"line":266,"column":8},"end":{"line":266,"column":75}},"73":{"start":{"line":267,"column":8},"end":{"line":267,"column":75}},"74":{"start":{"line":268,"column":8},"end":{"line":268,"column":75}},"75":{"start":{"line":274,"column":8},"end":{"line":274,"column":39}},"76":{"start":{"line":277,"column":8},"end":{"line":277,"column":28}},"77":{"start":{"line":280,"column":8},"end":{"line":280,"column":40}},"78":{"start":{"line":283,"column":8},"end":{"line":283,"column":21}},"79":{"start":{"line":286,"column":8},"end":{"line":286,"column":36}},"80":{"start":{"line":300,"column":8},"end":{"line":300,"column":47}},"81":{"start":{"line":301,"column":8},"end":{"line":301,"column":28}},"82":{"start":{"line":302,"column":8},"end":{"line":302,"column":39}},"83":{"start":{"line":310,"column":8},"end":{"line":310,"column":72}},"84":{"start":{"line":314,"column":8},"end":{"line":314,"column":43}}},"branchMap":{"1":{"line":65,"type":"if","locations":[{"start":{"line":65,"column":8},"end":{"line":65,"column":8}},{"start":{"line":65,"column":8},"end":{"line":65,"column":8}}]},"2":{"line":69,"type":"if","locations":[{"start":{"line":69,"column":8},"end":{"line":69,"column":8}},{"start":{"line":69,"column":8},"end":{"line":69,"column":8}}]},"3":{"line":70,"type":"if","locations":[{"start":{"line":70,"column":8},"end":{"line":70,"column":8}},{"start":{"line":70,"column":8},"end":{"line":70,"column":8}}]},"4":{"line":92,"type":"if","locations":[{"start":{"line":92,"column":8},"end":{"line":92,"column":8}},{"start":{"line":92,"column":8},"end":{"line":92,"column":8}}]},"5":{"line":96,"type":"if","locations":[{"start":{"line":96,"column":8},"end":{"line":96,"column":8}},{"start":{"line":96,"column":8},"end":{"line":96,"column":8}}]},"6":{"line":97,"type":"if","locations":[{"start":{"line":97,"column":8},"end":{"line":97,"column":8}},{"start":{"line":97,"column":8},"end":{"line":97,"column":8}}]},"7":{"line":98,"type":"if","locations":[{"start":{"line":98,"column":8},"end":{"line":98,"column":8}},{"start":{"line":98,"column":8},"end":{"line":98,"column":8}}]},"8":{"line":99,"type":"if","locations":[{"start":{"line":99,"column":8},"end":{"line":99,"column":8}},{"start":{"line":99,"column":8},"end":{"line":99,"column":8}}]},"9":{"line":103,"type":"if","locations":[{"start":{"line":103,"column":8},"end":{"line":103,"column":8}},{"start":{"line":103,"column":8},"end":{"line":103,"column":8}}]},"10":{"line":130,"type":"if","locations":[{"start":{"line":130,"column":8},"end":{"line":130,"column":8}},{"start":{"line":130,"column":8},"end":{"line":130,"column":8}}]},"11":{"line":131,"type":"if","locations":[{"start":{"line":131,"column":8},"end":{"line":131,"column":8}},{"start":{"line":131,"column":8},"end":{"line":131,"column":8}}]},"12":{"line":132,"type":"if","locations":[{"start":{"line":132,"column":8},"end":{"line":132,"column":8}},{"start":{"line":132,"column":8},"end":{"line":132,"column":8}}]},"13":{"line":136,"type":"if","locations":[{"start":{"line":136,"column":12},"end":{"line":136,"column":12}},{"start":{"line":136,"column":12},"end":{"line":136,"column":12}}]},"14":{"line":137,"type":"if","locations":[{"start":{"line":137,"column":12},"end":{"line":137,"column":12}},{"start":{"line":137,"column":12},"end":{"line":137,"column":12}}]},"15":{"line":161,"type":"if","locations":[{"start":{"line":161,"column":8},"end":{"line":161,"column":8}},{"start":{"line":161,"column":8},"end":{"line":161,"column":8}}]},"16":{"line":162,"type":"if","locations":[{"start":{"line":162,"column":8},"end":{"line":162,"column":8}},{"start":{"line":162,"column":8},"end":{"line":162,"column":8}}]},"17":{"line":163,"type":"if","locations":[{"start":{"line":163,"column":8},"end":{"line":163,"column":8}},{"start":{"line":163,"column":8},"end":{"line":163,"column":8}}]},"18":{"line":198,"type":"if","locations":[{"start":{"line":198,"column":12},"end":{"line":198,"column":12}},{"start":{"line":198,"column":12},"end":{"line":198,"column":12}}]},"19":{"line":220,"type":"if","locations":[{"start":{"line":220,"column":8},"end":{"line":220,"column":8}},{"start":{"line":220,"column":8},"end":{"line":220,"column":8}}]},"20":{"line":225,"type":"if","locations":[{"start":{"line":225,"column":8},"end":{"line":225,"column":8}},{"start":{"line":225,"column":8},"end":{"line":225,"column":8}}]}}}}
