TN:
SF:/Users/juanbernardotobar/dev/convexdao/Concave-NFT-SC/contracts/Concave.sol
FN:44,constructor
FN:67,mint
FN:103,mintBatch
FN:125,isPublicMintActive
FN:129,isSoldOut
FN:133,getUnmintedSpoonsByUser
FN:155,tokenURI
FN:169,unpause
FN:172,pause
FN:175,reveal
FN:178,withdraw
FN:201,setNotRevealedURI
FN:204,setBaseURI
FN:207,setMaxMintAmount
FN:210,setPrice
FN:213,setPublicMintActive
FN:230,_mintOnce
FN:236,_isPublicMintActiveInternal
FN:240,_isSoldOut
FNF:19
FNH:18
FNDA:159,constructor
FNDA:1665,mint
FNDA:326,mintBatch
FNDA:10,isPublicMintActive
FNDA:0,isSoldOut
FNDA:102,getUnmintedSpoonsByUser
FNDA:3,tokenURI
FNDA:23,unpause
FNDA:3,pause
FNDA:3,reveal
FNDA:2,withdraw
FNDA:5,setNotRevealedURI
FNDA:5,setBaseURI
FNDA:5,setMaxMintAmount
FNDA:5,setPrice
FNDA:7,setPublicMintActive
FNDA:19320,_mintOnce
FNDA:2001,_isPublicMintActiveInternal
FNDA:1664,_isSoldOut
DA:45,159
DA:46,159
DA:47,159
DA:69,1665
DA:70,1665
DA:71,1664
DA:72,1663
DA:73,1662
DA:74,1661
DA:75,1661
DA:77,1657
DA:78,16498
DA:81,1657
DA:104,326
DA:105,326
DA:106,326
DA:107,326
DA:110,326
DA:111,2822
DA:112,2822
DA:113,2822
DA:114,2822
DA:115,2822
DA:116,2822
DA:119,326
DA:126,10
DA:130,0
DA:134,102
DA:136,102
DA:137,102
DA:138,440334
DA:140,440334
DA:141,2832
DA:142,2832
DA:146,102
DA:147,102
DA:148,437502
DA:149,437502
DA:152,102
DA:156,3
DA:158,2
DA:159,1
DA:162,1
DA:170,23
DA:173,3
DA:176,3
DA:179,2
DA:180,2
DA:181,2
DA:182,2
DA:183,2
DA:184,2
DA:185,2
DA:186,2
DA:187,2
DA:188,2
DA:189,2
DA:190,2
DA:191,2
DA:192,2
DA:193,2
DA:194,2
DA:195,2
DA:196,2
DA:197,2
DA:198,2
DA:199,2
DA:202,5
DA:205,5
DA:208,5
DA:211,5
DA:214,7
DA:231,19320
DA:232,19320
DA:233,19320
DA:237,2001
DA:241,1664
LF:77
LH:76
BRDA:70,1,0,1664
BRDA:70,1,1,1
BRDA:71,2,0,1663
BRDA:71,2,1,1
BRDA:72,3,0,1662
BRDA:72,3,1,1
BRDA:73,4,0,1661
BRDA:73,4,1,1
BRDA:74,5,0,1661
BRDA:74,5,1,0
BRDA:75,6,0,1657
BRDA:75,6,1,4
BRDA:105,7,0,326
BRDA:105,7,1,0
BRDA:106,8,0,326
BRDA:106,8,1,0
BRDA:107,9,0,326
BRDA:107,9,1,0
BRDA:113,10,0,2822
BRDA:113,10,1,0
BRDA:114,11,0,2822
BRDA:114,11,1,0
BRDA:140,12,0,2832
BRDA:140,12,1,437502
BRDA:156,13,0,2
BRDA:156,13,1,1
BRDA:158,14,0,1
BRDA:158,14,1,1
BRF:28
BRH:22
end_of_record
