TN:
SF:/Users/juanbernardotobar/dev/convexdao/Concave-NFT-SC/contracts/Concave.sol
FN:44,constructor
FN:62,mint
FN:89,mintMany
FN:128,mintColorsBatch
FN:159,mintColorsOnce
FN:174,isPublicMintActive
FN:178,isSoldOut
FN:186,getUnmintedSpoonsByUser
FN:212,tokenURI
FN:237,unpause
FN:240,pause
FN:243,reveal
FN:246,withdraw
FN:271,setNotRevealedURI
FN:275,setBaseURI
FN:278,setMaxMintAmount
FN:281,setPrice
FN:284,setPublicMintActive
FN:298,_mintOnce
FN:304,_isPublicMintActiveInternal
FN:312,_isSoldOut
FNF:21
FNH:21
FNDA:246,constructor
FNDA:9,mint
FNDA:2074,mintMany
FNDA:175,mintColorsBatch
FNDA:8,mintColorsOnce
FNDA:5,isPublicMintActive
FNDA:10,isSoldOut
FNDA:51,getUnmintedSpoonsByUser
FNDA:3,tokenURI
FNDA:49,unpause
FNDA:3,pause
FNDA:3,reveal
FNDA:2,withdraw
FNDA:5,setNotRevealedURI
FNDA:5,setBaseURI
FNDA:5,setMaxMintAmount
FNDA:5,setPrice
FNDA:21,setPublicMintActive
FNDA:22022,_mintOnce
FNDA:2271,_isPublicMintActiveInternal
FNDA:2089,_isSoldOut
DA:45,246
DA:46,246
DA:47,246
DA:64,9
DA:65,9
DA:69,7
DA:70,6
DA:71,3
DA:91,2074
DA:92,2074
DA:96,2072
DA:97,2071
DA:98,2070
DA:99,2069
DA:103,2068
DA:105,2062
DA:106,20590
DA:129,175
DA:130,175
DA:131,174
DA:132,173
DA:135,172
DA:136,1426
DA:137,1425
DA:141,1424
DA:142,1424
DA:160,8
DA:161,8
DA:162,7
DA:163,6
DA:167,5
DA:168,5
DA:175,5
DA:179,10
DA:191,51
DA:193,51
DA:194,51
DA:195,220167
DA:197,220167
DA:198,1412
DA:199,1412
DA:203,51
DA:204,51
DA:205,218755
DA:206,218755
DA:209,51
DA:219,3
DA:224,2
DA:225,1
DA:228,1
DA:238,49
DA:241,3
DA:244,3
DA:247,2
DA:248,2
DA:249,2
DA:250,2
DA:251,2
DA:252,2
DA:253,2
DA:254,2
DA:255,2
DA:256,2
DA:257,2
DA:258,2
DA:259,2
DA:260,2
DA:261,2
DA:262,2
DA:263,2
DA:264,2
DA:265,2
DA:266,2
DA:267,2
DA:273,5
DA:276,5
DA:279,5
DA:282,5
DA:285,21
DA:299,22022
DA:300,22022
DA:301,22022
DA:309,2271
DA:313,2089
LF:84
LH:84
BRDA:65,1,0,7
BRDA:65,1,1,2
BRDA:69,2,0,6
BRDA:69,2,1,1
BRDA:70,3,0,3
BRDA:70,3,1,3
BRDA:92,4,0,2072
BRDA:92,4,1,2
BRDA:96,5,0,2071
BRDA:96,5,1,1
BRDA:97,6,0,2070
BRDA:97,6,1,1
BRDA:98,7,0,2069
BRDA:98,7,1,1
BRDA:99,8,0,2068
BRDA:99,8,1,1
BRDA:103,9,0,2062
BRDA:103,9,1,6
BRDA:130,10,0,174
BRDA:130,10,1,1
BRDA:131,11,0,173
BRDA:131,11,1,1
BRDA:132,12,0,172
BRDA:132,12,1,1
BRDA:136,13,0,1425
BRDA:136,13,1,1
BRDA:137,14,0,1424
BRDA:137,14,1,1
BRDA:161,15,0,7
BRDA:161,15,1,1
BRDA:162,16,0,6
BRDA:162,16,1,1
BRDA:163,17,0,5
BRDA:163,17,1,1
BRDA:197,18,0,1412
BRDA:197,18,1,218755
BRDA:219,19,0,2
BRDA:219,19,1,1
BRDA:224,20,0,1
BRDA:224,20,1,1
BRF:40
BRH:40
end_of_record
